d:\theo\boulot\snakegl\4_camera\4 camera\debug\vc140.pdb
d:\theo\boulot\snakegl\4 camera\debug\vc140.pdb
d:\theo\boulot\snakegl\4 camera\debug\vc140.idb
d:\theo\boulot\snakegl\4 camera\debug\camera.obj
d:\theo\boulot\snakegl\4 camera\debug\main.obj
d:\theo\boulot\snakegl\4 camera\debug\contextinitializer.obj
d:\theo\boulot\snakegl\4 camera\debug\device.obj
d:\theo\boulot\snakegl\4 camera\debug\framebuffer.obj
d:\theo\boulot\snakegl\4 camera\debug\keyboardinput.obj
d:\theo\boulot\snakegl\4 camera\debug\mouseinput.obj
d:\theo\boulot\snakegl\4 camera\debug\windowinput.obj
d:\theo\boulot\snakegl\4 camera\debug\material.obj
d:\theo\boulot\snakegl\4 camera\debug\mesh.obj
d:\theo\boulot\snakegl\4 camera\debug\modelimporter.obj
d:\theo\boulot\snakegl\4 camera\debug\modelrenderer.obj
d:\theo\boulot\snakegl\4 camera\debug\program.obj
d:\theo\boulot\snakegl\4 camera\debug\shader.obj
d:\theo\boulot\snakegl\4 camera\debug\shaderrepository.obj
d:\theo\boulot\snakegl\4 camera\debug\texture.obj
d:\theo\boulot\snakegl\4 camera\debug\texturerepository.obj
d:\theo\boulot\snakegl\4_camera\debug\snakegl.ilk
d:\theo\boulot\snakegl\4_camera\debug\snakegl.exe
d:\theo\boulot\snakegl\4_camera\debug\snakegl.pdb
d:\theo\boulot\snakegl\debug\snakegl.ilk
d:\theo\boulot\snakegl\debug\snakegl.exe
d:\theo\boulot\snakegl\debug\snakegl.pdb
d:\theo\boulot\snakegl\4 camera\debug\snakegl.tlog\cl.command.1.tlog
d:\theo\boulot\snakegl\4 camera\debug\snakegl.tlog\cl.read.1.tlog
d:\theo\boulot\snakegl\4 camera\debug\snakegl.tlog\cl.write.1.tlog
d:\theo\boulot\snakegl\4 camera\debug\snakegl.tlog\link.command.1.tlog
d:\theo\boulot\snakegl\4 camera\debug\snakegl.tlog\link.read.1.tlog
d:\theo\boulot\snakegl\4 camera\debug\snakegl.tlog\link.write.1.tlog
