  SceneLoader.cpp
  SceneDisplayer.cpp
  Scene.cpp
d:\theo\boulot\snakegl\scene\scene.cpp(24): warning C4244: 'initialisation' : conversion de 'float' en 'int', perte possible de données
d:\theo\boulot\snakegl\scene\scene.cpp(25): warning C4244: 'initialisation' : conversion de 'float' en 'int', perte possible de données
  texturerepository.cpp
  texture.cpp
  shaderrepository.cpp
  shader.cpp
d:\theo\boulot\snakegl\opengltools\shader.cpp(21): warning C4244: 'argument' : conversion de 'std::streamoff' en 'unsigned int', perte possible de données
d:\theo\boulot\snakegl\opengltools\shader.cpp(34): warning C4805: '!=' : mélange risqué de type 'int' et de type 'bool' dans l'opération
  program.cpp
d:\theo\boulot\snakegl\opengltools\program.cpp(21): warning C4805: '!=' : mélange risqué de type 'int' et de type 'bool' dans l'opération
  modelrenderer.cpp
d:\theo\boulot\snakegl\opengltools\model\modelrenderer.cpp(14): warning C4018: '<' : incompatibilité signed/unsigned
d:\theo\boulot\snakegl\opengltools\model\modelrenderer.cpp(46): warning C4018: '<' : incompatibilité signed/unsigned
d:\theo\boulot\snakegl\opengltools\model\modelrenderer.cpp(59): warning C4018: '<' : incompatibilité signed/unsigned
d:\theo\boulot\snakegl\opengltools\model\modelrenderer.cpp(70): warning C4018: '<' : incompatibilité signed/unsigned
  modelimporter.cpp
  mesh.cpp
  material.cpp
  windowinput.cpp
  mouseinput.cpp
  keyboardinput.cpp
  framebuffer.cpp
  device.cpp
  contextinitializer.cpp
  main.cpp
  camera.cpp
d:\theo\boulot\snakegl\camera.cpp(23): warning C4244: 'initialisation' : conversion de 'double' en 'float', perte possible de données
d:\theo\boulot\snakegl\camera.cpp(24): warning C4244: 'initialisation' : conversion de 'double' en 'float', perte possible de données
  Génération de code en cours...
  OpenGL.vcxproj -> D:\Theo\Boulot\SnakeGL\Debug\OpenGL.exe
  OpenGL.vcxproj -> D:\Theo\Boulot\SnakeGL\Debug\OpenGL.pdb (Full PDB)
