main.obj : error LNK2001: symbole externe non résolu __imp____glewUseProgram
main.obj : error LNK2001: symbole externe non résolu __imp__glClear@4
main.obj : error LNK2001: symbole externe non résolu __imp____glewUniform1i
main.obj : error LNK2001: symbole externe non résolu __imp__glEnable@4
main.obj : error LNK2001: symbole externe non résolu __imp____glewGetUniformLocation
main.obj : error LNK2001: symbole externe non résolu __imp____glewUniformMatrix4fv
contextinitializer.obj : error LNK2001: symbole externe non résolu _SDL_Init
contextinitializer.obj : error LNK2001: symbole externe non résolu _SDL_Quit
contextinitializer.obj : error LNK2001: symbole externe non résolu _SDL_GL_SetAttribute
device.obj : error LNK2001: symbole externe non résolu _SDL_GL_SwapWindow
device.obj : error LNK2001: symbole externe non résolu _SDL_GL_DeleteContext
device.obj : error LNK2001: symbole externe non résolu _SDL_SetWindowGrab
device.obj : error LNK2001: symbole externe non résolu _SDL_DestroyWindow
device.obj : error LNK2001: symbole externe non résolu _SDL_GetError
device.obj : error LNK2001: symbole externe non résolu _SDL_SetRelativeMouseMode
device.obj : error LNK2001: symbole externe non résolu _SDL_ShowCursor
device.obj : error LNK2001: symbole externe non résolu _SDL_GL_CreateContext
device.obj : error LNK2001: symbole externe non résolu _SDL_PollEvent
device.obj : error LNK2001: symbole externe non résolu __imp__glewExperimental
device.obj : error LNK2001: symbole externe non résolu _SDL_CreateWindow
device.obj : error LNK2001: symbole externe non résolu __imp__glewInit@0
framebuffer.obj : error LNK2001: symbole externe non résolu __imp____glewFramebufferTexture
framebuffer.obj : error LNK2001: symbole externe non résolu __imp____glewDrawBuffers
framebuffer.obj : error LNK2001: symbole externe non résolu __imp____glewDeleteFramebuffers
framebuffer.obj : error LNK2001: symbole externe non résolu __imp____glewGenFramebuffers
framebuffer.obj : error LNK2001: symbole externe non résolu __imp____glewBindFramebuffer
material.obj : error LNK2001: symbole externe non résolu _aiGetMaterialColor
material.obj : error LNK2001: symbole externe non résolu _aiGetMaterialTexture
modelimporter.obj : error LNK2001: symbole externe non résolu "public: struct aiScene const * __thiscall Assimp::Importer::ReadFile(char const *,unsigned int)" (?ReadFile@Importer@Assimp@@QAEPBUaiScene@@PBDI@Z)
modelimporter.obj : error LNK2001: symbole externe non résolu "public: __thiscall Assimp::Importer::~Importer(void)" (??1Importer@Assimp@@QAE@XZ)
modelimporter.obj : error LNK2001: symbole externe non résolu "public: __thiscall Assimp::Importer::Importer(void)" (??0Importer@Assimp@@QAE@XZ)
modelrenderer.obj : error LNK2001: symbole externe non résolu __imp____glewEnableVertexAttribArray
modelrenderer.obj : error LNK2001: symbole externe non résolu __imp____glewBindVertexArray
modelrenderer.obj : error LNK2001: symbole externe non résolu __imp____glewVertexAttribPointer
modelrenderer.obj : error LNK2001: symbole externe non résolu __imp____glewBindBuffer
modelrenderer.obj : error LNK2001: symbole externe non résolu __imp__glBindTexture@8
modelrenderer.obj : error LNK2001: symbole externe non résolu __imp____glewDeleteVertexArrays
modelrenderer.obj : error LNK2001: symbole externe non résolu __imp____glewBufferData
modelrenderer.obj : error LNK2001: symbole externe non résolu __imp____glewActiveTexture
modelrenderer.obj : error LNK2001: symbole externe non résolu __imp____glewGenVertexArrays
modelrenderer.obj : error LNK2001: symbole externe non résolu __imp__glDrawElements@16
modelrenderer.obj : error LNK2001: symbole externe non résolu __imp____glewGenBuffers
modelrenderer.obj : error LNK2001: symbole externe non résolu __imp____glewUniform3f
modelrenderer.obj : error LNK2001: symbole externe non résolu __imp____glewDeleteBuffers
program.obj : error LNK2001: symbole externe non résolu __imp____glewCreateProgram
program.obj : error LNK2001: symbole externe non résolu __imp____glewGetProgramiv
program.obj : error LNK2001: symbole externe non résolu __imp____glewAttachShader
program.obj : error LNK2001: symbole externe non résolu __imp____glewDeleteProgram
program.obj : error LNK2001: symbole externe non résolu __imp____glewGetProgramInfoLog
program.obj : error LNK2001: symbole externe non résolu __imp____glewLinkProgram
shader.obj : error LNK2001: symbole externe non résolu __imp____glewGetShaderiv
shader.obj : error LNK2001: symbole externe non résolu __imp____glewCompileShader
shader.obj : error LNK2001: symbole externe non résolu __imp____glewCreateShader
shader.obj : error LNK2001: symbole externe non résolu __imp____glewGetShaderInfoLog
shader.obj : error LNK2001: symbole externe non résolu __imp____glewShaderSource
shader.obj : error LNK2001: symbole externe non résolu __imp____glewDeleteShader
texture.obj : error LNK2001: symbole externe non résolu __imp__glGenTextures@8
texture.obj : error LNK2001: symbole externe non résolu __imp__glTexParameteri@12
texture.obj : error LNK2001: symbole externe non résolu __imp__glDeleteTextures@8
texture.obj : error LNK2001: symbole externe non résolu __imp____glewTexStorage2D
texture.obj : error LNK2001: symbole externe non résolu _SDL_FreeSurface
texture.obj : error LNK2001: symbole externe non résolu _IMG_Load
texture.obj : error LNK2001: symbole externe non résolu __imp____glewGenerateMipmap
texture.obj : error LNK2001: symbole externe non résolu __imp__glTexSubImage2D@36
MSVCRT.lib(exe_winmain.obj) : error LNK2001: symbole externe non résolu _WinMain@16
D:\Theo\Boulot\SnakeGL\4_Camera\Release\SnakeGL.exe : fatal error LNK1120: 65 externes non résolus
